[20-Jan-2025 12:31:11] NOTICE: fpm is running, pid 17562
[20-Jan-2025 12:31:11] NOTICE: ready to handle connections
[20-Jan-2025 12:38:23] NOTICE: Terminating ...
[20-Jan-2025 12:38:23] NOTICE: exiting, bye-bye!
[22-Jan-2025 12:49:52] NOTICE: fpm is running, pid 41200
[22-Jan-2025 12:49:52] NOTICE: ready to handle connections
[22-Jan-2025 14:26:41] NOTICE: Terminating ...
[22-Jan-2025 14:26:41] NOTICE: Terminating ...
[22-Jan-2025 14:26:41] NOTICE: exiting, bye-bye!
[23-Jan-2025 10:29:12] NOTICE: fpm is running, pid 17500
[23-Jan-2025 10:29:12] NOTICE: ready to handle connections
[23-Jan-2025 12:37:14] NOTICE: Terminating ...
[23-Jan-2025 12:37:14] NOTICE: exiting, bye-bye!
[27-Jan-2025 10:26:48] NOTICE: fpm is running, pid 11068
[27-Jan-2025 10:26:48] NOTICE: ready to handle connections
[27-Jan-2025 10:26:56] NOTICE: Terminating ...
[27-Jan-2025 10:26:56] NOTICE: Terminating ...
[27-Jan-2025 10:26:56] NOTICE: exiting, bye-bye!
[27-Jan-2025 10:27:29] NOTICE: fpm is running, pid 11471
[27-Jan-2025 10:27:29] NOTICE: ready to handle connections
[27-Jan-2025 11:13:22] NOTICE: Terminating ...
[27-Jan-2025 11:13:22] NOTICE: Terminating ...
[27-Jan-2025 11:13:22] NOTICE: exiting, bye-bye!
[27-Jan-2025 11:48:53] NOTICE: fpm is running, pid 16441
[27-Jan-2025 11:48:53] NOTICE: ready to handle connections
[27-Jan-2025 12:36:34] NOTICE: Terminating ...
[27-Jan-2025 12:36:34] NOTICE: exiting, bye-bye!
[29-Jan-2025 12:53:36] NOTICE: fpm is running, pid 44943
[29-Jan-2025 12:53:36] NOTICE: ready to handle connections
[29-Jan-2025 14:26:28] NOTICE: Terminating ...
[29-Jan-2025 14:26:28] NOTICE: Terminating ...
[29-Jan-2025 14:26:28] NOTICE: exiting, bye-bye!
[03-Feb-2025 10:25:24] NOTICE: fpm is running, pid 11474
[03-Feb-2025 10:25:24] NOTICE: ready to handle connections
[03-Feb-2025 13:38:15] NOTICE: Terminating ...
[03-Feb-2025 13:38:15] NOTICE: exiting, bye-bye!
[05-Feb-2025 12:51:08] NOTICE: fpm is running, pid 19712
[05-Feb-2025 12:51:08] NOTICE: ready to handle connections
[05-Feb-2025 14:26:20] NOTICE: Terminating ...
[05-Feb-2025 14:26:20] NOTICE: exiting, bye-bye!
[10-Feb-2025 10:43:23] NOTICE: fpm is running, pid 12623
[10-Feb-2025 10:43:23] NOTICE: ready to handle connections
[10-Feb-2025 12:41:31] NOTICE: Terminating ...
[10-Feb-2025 12:41:31] NOTICE: Terminating ...
[10-Feb-2025 12:41:31] NOTICE: exiting, bye-bye!
[12-Feb-2025 12:49:34] NOTICE: fpm is running, pid 43799
[12-Feb-2025 12:49:34] NOTICE: ready to handle connections
[12-Feb-2025 12:50:20] NOTICE: Terminating ...
[12-Feb-2025 12:50:20] NOTICE: Terminating ...
[12-Feb-2025 12:50:20] NOTICE: exiting, bye-bye!
[12-Feb-2025 12:50:22] NOTICE: fpm is running, pid 44309
[12-Feb-2025 12:50:22] NOTICE: ready to handle connections
[12-Feb-2025 14:24:20] NOTICE: Terminating ...
[12-Feb-2025 14:24:20] NOTICE: exiting, bye-bye!
[17-Feb-2025 10:51:15] NOTICE: fpm is running, pid 18441
[17-Feb-2025 10:51:15] NOTICE: ready to handle connections
[17-Feb-2025 10:51:29] NOTICE: Terminating ...
[17-Feb-2025 10:51:29] NOTICE: Terminating ...
[17-Feb-2025 10:51:29] NOTICE: exiting, bye-bye!
[17-Feb-2025 10:51:39] NOTICE: fpm is running, pid 18555
[17-Feb-2025 10:51:39] NOTICE: ready to handle connections
[17-Feb-2025 12:43:19] NOTICE: Terminating ...
[17-Feb-2025 12:43:19] NOTICE: Terminating ...
[17-Feb-2025 12:43:19] NOTICE: exiting, bye-bye!
[24-Feb-2025 11:02:33] NOTICE: fpm is running, pid 16235
[24-Feb-2025 11:02:33] NOTICE: ready to handle connections
[24-Feb-2025 12:45:18] NOTICE: Terminating ...
[24-Feb-2025 12:45:18] NOTICE: Terminating ...
[24-Feb-2025 12:45:18] NOTICE: exiting, bye-bye!
[27-Feb-2025 10:49:50] NOTICE: fpm is running, pid 13874
[27-Feb-2025 10:49:50] NOTICE: ready to handle connections
[27-Feb-2025 10:54:11] NOTICE: Terminating ...
[27-Feb-2025 10:54:11] NOTICE: Terminating ...
[27-Feb-2025 10:54:11] NOTICE: exiting, bye-bye!
[27-Feb-2025 10:54:12] NOTICE: fpm is running, pid 16034
[27-Feb-2025 10:54:12] NOTICE: ready to handle connections
